<?xml version="1.0" encoding="UTF-8"?>
<testsuite name="com.walmart.code.RangeQueryBasicTest" tests="1" skipped="0" failures="0" errors="0" timestamp="2023-09-13T18:12:00" hostname="Janars-MacBook-Pro.local" time="0.009">
  <properties/>
  <testcase name="runARangeQuery()" classname="com.walmart.code.RangeQueryBasicTest" time="0.009"/>
  <system-out><![CDATA[]]></system-out>
  <system-err><![CDATA[]]></system-err>
</testsuite>
